2014-11-21 09:35:58 Error: [MissingControllerException] Controller class Favicon.icoController could not be found.
Exception Attributes: array (
  'class' => 'Favicon.icoController',
  'plugin' => NULL,
)
Request URL: /favicon.ico
Stack Trace:
#0 /home/luccas19/themusicjambox.com/app/webroot/index.php(108): Dispatcher->dispatch(Object(CakeRequest), Object(CakeResponse))
#1 {main}
2014-11-21 09:35:58 Error: [MissingControllerException] Controller class Favicon.icoController could not be found.
Exception Attributes: array (
  'class' => 'Favicon.icoController',
  'plugin' => NULL,
)
Request URL: /favicon.ico
Stack Trace:
#0 /home/luccas19/themusicjambox.com/app/webroot/index.php(108): Dispatcher->dispatch(Object(CakeRequest), Object(CakeResponse))
#1 {main}
2014-11-21 09:46:31 Error: [MissingControllerException] Controller class .well-knownController could not be found.
Exception Attributes: array (
  'class' => '.well-knownController',
  'plugin' => NULL,
)
Request URL: /.well-known/autoconfig/mail/config-v1.1.xml?emailaddress=contact%40themusicjambox.com
Stack Trace:
#0 /home/luccas19/themusicjambox.com/app/webroot/index.php(108): Dispatcher->dispatch(Object(CakeRequest), Object(CakeResponse))
#1 {main}
2014-11-21 10:13:56 Error: [MissingControllerException] Controller class Favicon.icoController could not be found.
Exception Attributes: array (
  'class' => 'Favicon.icoController',
  'plugin' => NULL,
)
Request URL: /favicon.ico
Stack Trace:
#0 /home/luccas19/themusicjambox.com/app/webroot/index.php(108): Dispatcher->dispatch(Object(CakeRequest), Object(CakeResponse))
#1 {main}
2014-11-22 04:25:54 Error: [MissingControllerException] Controller class Wp-login.phpController could not be found.
Exception Attributes: array (
  'class' => 'Wp-login.phpController',
  'plugin' => NULL,
)
Request URL: /wp-login.php
Stack Trace:
#0 /home/luccas19/themusicjambox.com/app/webroot/index.php(108): Dispatcher->dispatch(Object(CakeRequest), Object(CakeResponse))
#1 {main}
2014-11-22 04:25:55 Error: [MissingControllerException] Controller class AdministratorController could not be found.
Exception Attributes: array (
  'class' => 'AdministratorController',
  'plugin' => NULL,
)
Request URL: /administrator/
Stack Trace:
#0 /home/luccas19/themusicjambox.com/app/webroot/index.php(108): Dispatcher->dispatch(Object(CakeRequest), Object(CakeResponse))
#1 {main}
2014-11-22 04:25:55 Error: [MissingControllerException] Controller class Admin.phpController could not be found.
Exception Attributes: array (
  'class' => 'Admin.phpController',
  'plugin' => NULL,
)
Request URL: /admin.php
Stack Trace:
#0 /home/luccas19/themusicjambox.com/app/webroot/index.php(108): Dispatcher->dispatch(Object(CakeRequest), Object(CakeResponse))
#1 {main}
2014-11-22 12:03:44 Error: [MissingControllerException] Controller class Robots.txtController could not be found.
Exception Attributes: array (
  'class' => 'Robots.txtController',
  'plugin' => NULL,
)
Request URL: /robots.txt
Stack Trace:
#0 /home/luccas19/themusicjambox.com/app/webroot/index.php(108): Dispatcher->dispatch(Object(CakeRequest), Object(CakeResponse))
#1 {main}
2014-11-22 12:15:25 Error: [MissingControllerException] Controller class JamboxController could not be found.
Exception Attributes: array (
  'class' => 'JamboxController',
  'plugin' => NULL,
)
Request URL: /jambox/AerialAudioRecordings/cargarComboSubCategorias/
Stack Trace:
#0 /home/luccas19/themusicjambox.com/app/webroot/index.php(108): Dispatcher->dispatch(Object(CakeRequest), Object(CakeResponse))
#1 {main}
2014-11-23 00:35:41 Error: [MissingControllerException] Controller class Robots.txtController could not be found.
Exception Attributes: array (
  'class' => 'Robots.txtController',
  'plugin' => NULL,
)
Request URL: /robots.txt
Stack Trace:
#0 /home/luccas19/themusicjambox.com/app/webroot/index.php(108): Dispatcher->dispatch(Object(CakeRequest), Object(CakeResponse))
#1 {main}
2014-11-23 01:51:27 Error: [MissingControllerException] Controller class Robots.txtController could not be found.
Exception Attributes: array (
  'class' => 'Robots.txtController',
  'plugin' => NULL,
)
Request URL: /robots.txt
Stack Trace:
#0 /home/luccas19/themusicjambox.com/app/webroot/index.php(108): Dispatcher->dispatch(Object(CakeRequest), Object(CakeResponse))
#1 {main}
2014-11-23 05:38:54 Error: [MissingControllerException] Controller class Robots.txtController could not be found.
Exception Attributes: array (
  'class' => 'Robots.txtController',
  'plugin' => NULL,
)
Request URL: /robots.txt
Stack Trace:
#0 /home/luccas19/themusicjambox.com/app/webroot/index.php(108): Dispatcher->dispatch(Object(CakeRequest), Object(CakeResponse))
#1 {main}
2014-11-23 12:07:02 Error: [MissingControllerException] Controller class FilesController could not be found.
Exception Attributes: array (
  'class' => 'FilesController',
  'plugin' => NULL,
)
Request URL: /files/aerial_audio_recordings/single_recordings/DameLaPatadita(ConChapita).wav
Stack Trace:
#0 /home/luccas19/themusicjambox.com/app/webroot/index.php(108): Dispatcher->dispatch(Object(CakeRequest), Object(CakeResponse))
#1 {main}
2014-11-23 20:17:06 Error: [MissingControllerException] Controller class Robots.txtController could not be found.
Exception Attributes: array (
  'class' => 'Robots.txtController',
  'plugin' => NULL,
)
Request URL: /robots.txt
Stack Trace:
#0 /home/luccas19/themusicjambox.com/app/webroot/index.php(108): Dispatcher->dispatch(Object(CakeRequest), Object(CakeResponse))
#1 {main}
2014-11-23 21:21:21 Error: [MissingControllerException] Controller class Robots.txtController could not be found.
Exception Attributes: array (
  'class' => 'Robots.txtController',
  'plugin' => NULL,
)
Request URL: /robots.txt
Stack Trace:
#0 /home/luccas19/themusicjambox.com/app/webroot/index.php(108): Dispatcher->dispatch(Object(CakeRequest), Object(CakeResponse))
#1 {main}
2014-11-24 07:27:38 Error: [MissingControllerException] Controller class Robots.txtController could not be found.
Exception Attributes: array (
  'class' => 'Robots.txtController',
  'plugin' => NULL,
)
Request URL: /robots.txt
Stack Trace:
#0 /home/luccas19/themusicjambox.com/app/webroot/index.php(108): Dispatcher->dispatch(Object(CakeRequest), Object(CakeResponse))
#1 {main}
2014-11-24 07:31:02 Error: [MissingControllerException] Controller class JamboxController could not be found.
Exception Attributes: array (
  'class' => 'JamboxController',
  'plugin' => NULL,
)
Request URL: /jambox/AerialAudioRecordings/cargarComboSubCategorias/
Stack Trace:
#0 /home/luccas19/themusicjambox.com/app/webroot/index.php(108): Dispatcher->dispatch(Object(CakeRequest), Object(CakeResponse))
#1 {main}
2014-11-24 18:16:13 Error: [MissingControllerException] Controller class Robots.txtController could not be found.
Exception Attributes: array (
  'class' => 'Robots.txtController',
  'plugin' => NULL,
)
Request URL: /robots.txt
Stack Trace:
#0 /home/luccas19/themusicjambox.com/app/webroot/index.php(108): Dispatcher->dispatch(Object(CakeRequest), Object(CakeResponse))
#1 {main}
2014-11-25 06:18:25 Error: [MissingControllerException] Controller class Robots.txtController could not be found.
Exception Attributes: array (
  'class' => 'Robots.txtController',
  'plugin' => NULL,
)
Request URL: /robots.txt
Stack Trace:
#0 /home/luccas19/themusicjambox.com/app/webroot/index.php(108): Dispatcher->dispatch(Object(CakeRequest), Object(CakeResponse))
#1 {main}
2014-11-25 09:23:22 Error: [MissingControllerException] Controller class Robots.txtController could not be found.
Exception Attributes: array (
  'class' => 'Robots.txtController',
  'plugin' => NULL,
)
Request URL: /robots.txt
Stack Trace:
#0 /home/luccas19/themusicjambox.com/app/webroot/index.php(108): Dispatcher->dispatch(Object(CakeRequest), Object(CakeResponse))
#1 {main}
2014-11-25 12:34:04 Error: [MissingControllerException] Controller class FilesController could not be found.
Exception Attributes: array (
  'class' => 'FilesController',
  'plugin' => NULL,
)
Request URL: /files/aerial_audio_recordings/jams/Zapada_07112014/Parte_H.wav
Stack Trace:
#0 /home/luccas19/themusicjambox.com/app/webroot/index.php(108): Dispatcher->dispatch(Object(CakeRequest), Object(CakeResponse))
#1 {main}
2014-11-25 16:20:29 Error: [MissingControllerException] Controller class JamboxController could not be found.
Exception Attributes: array (
  'class' => 'JamboxController',
  'plugin' => NULL,
)
Request URL: /jambox/Library
Stack Trace:
#0 /home/luccas19/themusicjambox.com/app/webroot/index.php(108): Dispatcher->dispatch(Object(CakeRequest), Object(CakeResponse))
#1 {main}
2014-11-25 16:20:31 Error: [MissingControllerException] Controller class JamboxController could not be found.
Exception Attributes: array (
  'class' => 'JamboxController',
  'plugin' => NULL,
)
Request URL: /jambox/img/labels/themusicjambox.png
Stack Trace:
#0 /home/luccas19/themusicjambox.com/app/webroot/index.php(108): Dispatcher->dispatch(Object(CakeRequest), Object(CakeResponse))
#1 {main}
2014-11-25 16:20:52 Error: [MissingControllerException] Controller class JamboxController could not be found.
Exception Attributes: array (
  'class' => 'JamboxController',
  'plugin' => NULL,
)
Request URL: /jambox/Archive
Stack Trace:
#0 /home/luccas19/themusicjambox.com/app/webroot/index.php(108): Dispatcher->dispatch(Object(CakeRequest), Object(CakeResponse))
#1 {main}
2014-11-25 16:20:53 Error: [MissingControllerException] Controller class JamboxController could not be found.
Exception Attributes: array (
  'class' => 'JamboxController',
  'plugin' => NULL,
)
Request URL: /jambox/img/labels/themusicjambox.png
Stack Trace:
#0 /home/luccas19/themusicjambox.com/app/webroot/index.php(108): Dispatcher->dispatch(Object(CakeRequest), Object(CakeResponse))
#1 {main}
2014-11-25 16:21:08 Error: [MissingControllerException] Controller class JamboxController could not be found.
Exception Attributes: array (
  'class' => 'JamboxController',
  'plugin' => NULL,
)
Request URL: /jambox/Library
Stack Trace:
#0 /home/luccas19/themusicjambox.com/app/webroot/index.php(108): Dispatcher->dispatch(Object(CakeRequest), Object(CakeResponse))
#1 {main}
2014-11-25 16:21:17 Error: [MissingControllerException] Controller class JamboxController could not be found.
Exception Attributes: array (
  'class' => 'JamboxController',
  'plugin' => NULL,
)
Request URL: /jambox/img/labels/themusicjambox.png
Stack Trace:
#0 /home/luccas19/themusicjambox.com/app/webroot/index.php(108): Dispatcher->dispatch(Object(CakeRequest), Object(CakeResponse))
#1 {main}
2014-11-25 21:20:23 Error: [MissingControllerException] Controller class Robots.txtController could not be found.
Exception Attributes: array (
  'class' => 'Robots.txtController',
  'plugin' => NULL,
)
Request URL: /robots.txt
Stack Trace:
#0 /home/luccas19/themusicjambox.com/app/webroot/index.php(108): Dispatcher->dispatch(Object(CakeRequest), Object(CakeResponse))
#1 {main}
2014-11-26 10:33:31 Error: [MissingControllerException] Controller class StatsController could not be found.
Exception Attributes: array (
  'class' => 'StatsController',
  'plugin' => NULL,
)
Request URL: /stats/
Stack Trace:
#0 /home/luccas19/themusicjambox.com/app/webroot/index.php(108): Dispatcher->dispatch(Object(CakeRequest), Object(CakeResponse))
#1 {main}
2014-11-26 10:33:32 Error: [MissingControllerException] Controller class StatsController could not be found.
Exception Attributes: array (
  'class' => 'StatsController',
  'plugin' => NULL,
)
Request URL: /stats/img/labels/themusicjambox.png
Stack Trace:
#0 /home/luccas19/themusicjambox.com/app/webroot/index.php(108): Dispatcher->dispatch(Object(CakeRequest), Object(CakeResponse))
#1 {main}
2014-11-26 11:40:39 Error: [MissingControllerException] Controller class FilesController could not be found.
Exception Attributes: array (
  'class' => 'FilesController',
  'plugin' => NULL,
)
Request URL: /files/aerial_audio_recordings/single_recordings/DameLaPatadita(ConChapita).wav
Stack Trace:
#0 /home/luccas19/themusicjambox.com/app/webroot/index.php(108): Dispatcher->dispatch(Object(CakeRequest), Object(CakeResponse))
#1 {main}
2014-11-26 11:40:50 Error: [MissingControllerException] Controller class FilesController could not be found.
Exception Attributes: array (
  'class' => 'FilesController',
  'plugin' => NULL,
)
Request URL: /files/aerial_audio_recordings/single_recordings/DameLaPatadita(ConChapita).wav
Stack Trace:
#0 /home/luccas19/themusicjambox.com/app/webroot/index.php(108): Dispatcher->dispatch(Object(CakeRequest), Object(CakeResponse))
#1 {main}
2014-11-26 11:41:13 Error: [MissingControllerException] Controller class FilesController could not be found.
Exception Attributes: array (
  'class' => 'FilesController',
  'plugin' => NULL,
)
Request URL: /files/aerial_audio_recordings/single_recordings/DameLaPatadita(ConFran).wav
Stack Trace:
#0 /home/luccas19/themusicjambox.com/app/webroot/index.php(108): Dispatcher->dispatch(Object(CakeRequest), Object(CakeResponse))
#1 {main}
2014-11-26 11:42:06 Error: [MissingControllerException] Controller class FilesController could not be found.
Exception Attributes: array (
  'class' => 'FilesController',
  'plugin' => NULL,
)
Request URL: /files/aerial_audio_recordings/single_recordings/DameLaPatadita(ConChapita).wav
Stack Trace:
#0 /home/luccas19/themusicjambox.com/app/webroot/index.php(108): Dispatcher->dispatch(Object(CakeRequest), Object(CakeResponse))
#1 {main}
2014-11-26 11:46:47 Error: [MissingControllerException] Controller class Robots.txtController could not be found.
Exception Attributes: array (
  'class' => 'Robots.txtController',
  'plugin' => NULL,
)
Request URL: /robots.txt
Stack Trace:
#0 /home/luccas19/themusicjambox.com/app/webroot/index.php(108): Dispatcher->dispatch(Object(CakeRequest), Object(CakeResponse))
#1 {main}
2014-11-26 11:49:48 Error: [MissingControllerException] Controller class FilesController could not be found.
Exception Attributes: array (
  'class' => 'FilesController',
  'plugin' => NULL,
)
Request URL: /files/aerial_audio_recordings/single_recordings/DameLaPatadita(ConFran).wav
Stack Trace:
#0 /home/luccas19/themusicjambox.com/app/webroot/index.php(108): Dispatcher->dispatch(Object(CakeRequest), Object(CakeResponse))
#1 {main}
2014-11-26 11:49:53 Error: [MissingControllerException] Controller class FilesController could not be found.
Exception Attributes: array (
  'class' => 'FilesController',
  'plugin' => NULL,
)
Request URL: /files/aerial_audio_recordings/single_recordings/DameLaPatadita(ConChapita).wav
Stack Trace:
#0 /home/luccas19/themusicjambox.com/app/webroot/index.php(108): Dispatcher->dispatch(Object(CakeRequest), Object(CakeResponse))
#1 {main}
2014-11-26 13:55:37 Error: [MissingControllerException] Controller class Robots.txtController could not be found.
Exception Attributes: array (
  'class' => 'Robots.txtController',
  'plugin' => NULL,
)
Request URL: /robots.txt
Stack Trace:
#0 /home/luccas19/themusicjambox.com/app/webroot/index.php(108): Dispatcher->dispatch(Object(CakeRequest), Object(CakeResponse))
#1 {main}
2014-11-26 18:20:12 Error: [MissingControllerException] Controller class Robots.txtController could not be found.
Exception Attributes: array (
  'class' => 'Robots.txtController',
  'plugin' => NULL,
)
Request URL: /robots.txt
Stack Trace:
#0 /home/luccas19/themusicjambox.com/app/webroot/index.php(108): Dispatcher->dispatch(Object(CakeRequest), Object(CakeResponse))
#1 {main}
2014-11-27 00:30:55 Error: [MissingControllerException] Controller class Robots.txtController could not be found.
Exception Attributes: array (
  'class' => 'Robots.txtController',
  'plugin' => NULL,
)
Request URL: /robots.txt
Stack Trace:
#0 /home/luccas19/themusicjambox.com/app/webroot/index.php(108): Dispatcher->dispatch(Object(CakeRequest), Object(CakeResponse))
#1 {main}
2014-11-27 06:13:52 Error: [MissingConnectionException] Database connection "Mysql" is missing, or could not be created.
Exception Attributes: array (
  'class' => 'Mysql',
  'message' => 'SQLSTATE[HY000] [2002] Connection timed out',
  'enabled' => true,
)
Request URL: /Library
Stack Trace:
#0 /home/luccas19/themusicjambox.com/lib/Cake/Model/Datasource/DboSource.php(260): Mysql->connect()
#1 /home/luccas19/themusicjambox.com/lib/Cake/Model/ConnectionManager.php(105): DboSource->__construct(Array)
#2 /home/luccas19/themusicjambox.com/lib/Cake/Model/Model.php(3524): ConnectionManager::getDataSource('default')
#3 /home/luccas19/themusicjambox.com/lib/Cake/Model/Model.php(1136): Model->setDataSource('default')
#4 /home/luccas19/themusicjambox.com/lib/Cake/Model/Model.php(3551): Model->setSource('documents')
#5 /home/luccas19/themusicjambox.com/lib/Cake/Model/Model.php(2947): Model->getDataSource()
#6 /home/luccas19/themusicjambox.com/lib/Cake/Model/Model.php(2919): Model->_readDataSource('all', Array)
#7 /home/luccas19/themusicjambox.com/app/Controller/LibraryController.php(26): Model->find('all', Array)
#8 [internal function]: LibraryController->index()
#9 /home/luccas19/themusicjambox.com/lib/Cake/Controller/Controller.php(490): ReflectionMethod->invokeArgs(Object(LibraryController), Array)
#10 /home/luccas19/themusicjambox.com/lib/Cake/Routing/Dispatcher.php(191): Controller->invokeAction(Object(CakeRequest))
#11 /home/luccas19/themusicjambox.com/lib/Cake/Routing/Dispatcher.php(165): Dispatcher->_invoke(Object(LibraryController), Object(CakeRequest))
#12 /home/luccas19/themusicjambox.com/app/webroot/index.php(108): Dispatcher->dispatch(Object(CakeRequest), Object(CakeResponse))
#13 {main}
2014-11-27 07:20:43 Error: [MissingConnectionException] Database connection "Mysql" is missing, or could not be created.
Exception Attributes: array (
  'class' => 'Mysql',
  'message' => 'SQLSTATE[HY000] [2002] Connection timed out',
  'enabled' => true,
)
Request URL: /AerialAudioRecordings
Stack Trace:
#0 /home/luccas19/themusicjambox.com/lib/Cake/Model/Datasource/DboSource.php(260): Mysql->connect()
#1 /home/luccas19/themusicjambox.com/lib/Cake/Model/ConnectionManager.php(105): DboSource->__construct(Array)
#2 /home/luccas19/themusicjambox.com/lib/Cake/Model/Model.php(3524): ConnectionManager::getDataSource('default')
#3 /home/luccas19/themusicjambox.com/lib/Cake/Model/Model.php(1136): Model->setDataSource('default')
#4 /home/luccas19/themusicjambox.com/lib/Cake/Model/Model.php(3551): Model->setSource('subcategorias')
#5 /home/luccas19/themusicjambox.com/lib/Cake/Model/Model.php(2947): Model->getDataSource()
#6 /home/luccas19/themusicjambox.com/lib/Cake/Model/Model.php(2919): Model->_readDataSource('all', Array)
#7 /home/luccas19/themusicjambox.com/app/Controller/AerialAudioRecordingsController.php(46): Model->find('all')
#8 /home/luccas19/themusicjambox.com/app/Controller/AerialAudioRecordingsController.php(9): AerialAudioRecordingsController->cargarComboCategorias()
#9 [internal function]: AerialAudioRecordingsController->index()
#10 /home/luccas19/themusicjambox.com/lib/Cake/Controller/Controller.php(490): ReflectionMethod->invokeArgs(Object(AerialAudioRecordingsController), Array)
#11 /home/luccas19/themusicjambox.com/lib/Cake/Routing/Dispatcher.php(191): Controller->invokeAction(Object(CakeRequest))
#12 /home/luccas19/themusicjambox.com/lib/Cake/Routing/Dispatcher.php(165): Dispatcher->_invoke(Object(AerialAudioRecordingsController), Object(CakeRequest))
#13 /home/luccas19/themusicjambox.com/app/webroot/index.php(108): Dispatcher->dispatch(Object(CakeRequest), Object(CakeResponse))
#14 {main}
2014-11-27 07:21:08 Error: [MissingConnectionException] Database connection "Mysql" is missing, or could not be created.
Exception Attributes: array (
  'class' => 'Mysql',
  'message' => 'SQLSTATE[HY000] [2002] Connection timed out',
  'enabled' => true,
)
Request URL: /AerialAudioRecordings
Stack Trace:
#0 /home/luccas19/themusicjambox.com/lib/Cake/Model/Datasource/DboSource.php(260): Mysql->connect()
#1 /home/luccas19/themusicjambox.com/lib/Cake/Model/ConnectionManager.php(105): DboSource->__construct(Array)
#2 /home/luccas19/themusicjambox.com/lib/Cake/Model/Model.php(3524): ConnectionManager::getDataSource('default')
#3 /home/luccas19/themusicjambox.com/lib/Cake/Model/Model.php(1136): Model->setDataSource('default')
#4 /home/luccas19/themusicjambox.com/lib/Cake/Model/Model.php(3551): Model->setSource('subcategorias')
#5 /home/luccas19/themusicjambox.com/lib/Cake/Model/Model.php(2947): Model->getDataSource()
#6 /home/luccas19/themusicjambox.com/lib/Cake/Model/Model.php(2919): Model->_readDataSource('all', Array)
#7 /home/luccas19/themusicjambox.com/app/Controller/AerialAudioRecordingsController.php(46): Model->find('all')
#8 /home/luccas19/themusicjambox.com/app/Controller/AerialAudioRecordingsController.php(9): AerialAudioRecordingsController->cargarComboCategorias()
#9 [internal function]: AerialAudioRecordingsController->index()
#10 /home/luccas19/themusicjambox.com/lib/Cake/Controller/Controller.php(490): ReflectionMethod->invokeArgs(Object(AerialAudioRecordingsController), Array)
#11 /home/luccas19/themusicjambox.com/lib/Cake/Routing/Dispatcher.php(191): Controller->invokeAction(Object(CakeRequest))
#12 /home/luccas19/themusicjambox.com/lib/Cake/Routing/Dispatcher.php(165): Dispatcher->_invoke(Object(AerialAudioRecordingsController), Object(CakeRequest))
#13 /home/luccas19/themusicjambox.com/app/webroot/index.php(108): Dispatcher->dispatch(Object(CakeRequest), Object(CakeResponse))
#14 {main}
2014-11-27 07:21:42 Error: [MissingConnectionException] Database connection "Mysql" is missing, or could not be created.
Exception Attributes: array (
  'class' => 'Mysql',
  'message' => 'SQLSTATE[HY000] [2002] Connection timed out',
  'enabled' => true,
)
Request URL: /AerialAudioRecordings
Stack Trace:
#0 /home/luccas19/themusicjambox.com/lib/Cake/Model/Datasource/DboSource.php(260): Mysql->connect()
#1 /home/luccas19/themusicjambox.com/lib/Cake/Model/ConnectionManager.php(105): DboSource->__construct(Array)
#2 /home/luccas19/themusicjambox.com/lib/Cake/Model/Model.php(3524): ConnectionManager::getDataSource('default')
#3 /home/luccas19/themusicjambox.com/lib/Cake/Model/Model.php(1136): Model->setDataSource('default')
#4 /home/luccas19/themusicjambox.com/lib/Cake/Model/Model.php(3551): Model->setSource('subcategorias')
#5 /home/luccas19/themusicjambox.com/lib/Cake/Model/Model.php(2947): Model->getDataSource()
#6 /home/luccas19/themusicjambox.com/lib/Cake/Model/Model.php(2919): Model->_readDataSource('all', Array)
#7 /home/luccas19/themusicjambox.com/app/Controller/AerialAudioRecordingsController.php(46): Model->find('all')
#8 /home/luccas19/themusicjambox.com/app/Controller/AerialAudioRecordingsController.php(9): AerialAudioRecordingsController->cargarComboCategorias()
#9 [internal function]: AerialAudioRecordingsController->index()
#10 /home/luccas19/themusicjambox.com/lib/Cake/Controller/Controller.php(490): ReflectionMethod->invokeArgs(Object(AerialAudioRecordingsController), Array)
#11 /home/luccas19/themusicjambox.com/lib/Cake/Routing/Dispatcher.php(191): Controller->invokeAction(Object(CakeRequest))
#12 /home/luccas19/themusicjambox.com/lib/Cake/Routing/Dispatcher.php(165): Dispatcher->_invoke(Object(AerialAudioRecordingsController), Object(CakeRequest))
#13 /home/luccas19/themusicjambox.com/app/webroot/index.php(108): Dispatcher->dispatch(Object(CakeRequest), Object(CakeResponse))
#14 {main}
2014-11-27 07:21:55 Error: [MissingConnectionException] Database connection "Mysql" is missing, or could not be created.
Exception Attributes: array (
  'class' => 'Mysql',
  'message' => 'SQLSTATE[HY000] [2002] Connection timed out',
  'enabled' => true,
)
Request URL: /Library
Stack Trace:
#0 /home/luccas19/themusicjambox.com/lib/Cake/Model/Datasource/DboSource.php(260): Mysql->connect()
#1 /home/luccas19/themusicjambox.com/lib/Cake/Model/ConnectionManager.php(105): DboSource->__construct(Array)
#2 /home/luccas19/themusicjambox.com/lib/Cake/Model/Model.php(3524): ConnectionManager::getDataSource('default')
#3 /home/luccas19/themusicjambox.com/lib/Cake/Model/Model.php(1136): Model->setDataSource('default')
#4 /home/luccas19/themusicjambox.com/lib/Cake/Model/Model.php(3551): Model->setSource('documents')
#5 /home/luccas19/themusicjambox.com/lib/Cake/Model/Model.php(2947): Model->getDataSource()
#6 /home/luccas19/themusicjambox.com/lib/Cake/Model/Model.php(2919): Model->_readDataSource('all', Array)
#7 /home/luccas19/themusicjambox.com/app/Controller/LibraryController.php(26): Model->find('all', Array)
#8 [internal function]: LibraryController->index()
#9 /home/luccas19/themusicjambox.com/lib/Cake/Controller/Controller.php(490): ReflectionMethod->invokeArgs(Object(LibraryController), Array)
#10 /home/luccas19/themusicjambox.com/lib/Cake/Routing/Dispatcher.php(191): Controller->invokeAction(Object(CakeRequest))
#11 /home/luccas19/themusicjambox.com/lib/Cake/Routing/Dispatcher.php(165): Dispatcher->_invoke(Object(LibraryController), Object(CakeRequest))
#12 /home/luccas19/themusicjambox.com/app/webroot/index.php(108): Dispatcher->dispatch(Object(CakeRequest), Object(CakeResponse))
#13 {main}
2014-11-27 07:22:17 Error: [MissingConnectionException] Database connection "Mysql" is missing, or could not be created.
Exception Attributes: array (
  'class' => 'Mysql',
  'message' => 'SQLSTATE[HY000] [2002] Connection timed out',
  'enabled' => true,
)
Request URL: /AerialAudioRecordings
Stack Trace:
#0 /home/luccas19/themusicjambox.com/lib/Cake/Model/Datasource/DboSource.php(260): Mysql->connect()
#1 /home/luccas19/themusicjambox.com/lib/Cake/Model/ConnectionManager.php(105): DboSource->__construct(Array)
#2 /home/luccas19/themusicjambox.com/lib/Cake/Model/Model.php(3524): ConnectionManager::getDataSource('default')
#3 /home/luccas19/themusicjambox.com/lib/Cake/Model/Model.php(1136): Model->setDataSource('default')
#4 /home/luccas19/themusicjambox.com/lib/Cake/Model/Model.php(3551): Model->setSource('subcategorias')
#5 /home/luccas19/themusicjambox.com/lib/Cake/Model/Model.php(2947): Model->getDataSource()
#6 /home/luccas19/themusicjambox.com/lib/Cake/Model/Model.php(2919): Model->_readDataSource('all', Array)
#7 /home/luccas19/themusicjambox.com/app/Controller/AerialAudioRecordingsController.php(46): Model->find('all')
#8 /home/luccas19/themusicjambox.com/app/Controller/AerialAudioRecordingsController.php(9): AerialAudioRecordingsController->cargarComboCategorias()
#9 [internal function]: AerialAudioRecordingsController->index()
#10 /home/luccas19/themusicjambox.com/lib/Cake/Controller/Controller.php(490): ReflectionMethod->invokeArgs(Object(AerialAudioRecordingsController), Array)
#11 /home/luccas19/themusicjambox.com/lib/Cake/Routing/Dispatcher.php(191): Controller->invokeAction(Object(CakeRequest))
#12 /home/luccas19/themusicjambox.com/lib/Cake/Routing/Dispatcher.php(165): Dispatcher->_invoke(Object(AerialAudioRecordingsController), Object(CakeRequest))
#13 /home/luccas19/themusicjambox.com/app/webroot/index.php(108): Dispatcher->dispatch(Object(CakeRequest), Object(CakeResponse))
#14 {main}
2014-11-27 07:22:23 Error: [MissingConnectionException] Database connection "Mysql" is missing, or could not be created.
Exception Attributes: array (
  'class' => 'Mysql',
  'message' => 'SQLSTATE[HY000] [2002] Connection timed out',
  'enabled' => true,
)
Request URL: /AerialAudioRecordings
Stack Trace:
#0 /home/luccas19/themusicjambox.com/lib/Cake/Model/Datasource/DboSource.php(260): Mysql->connect()
#1 /home/luccas19/themusicjambox.com/lib/Cake/Model/ConnectionManager.php(105): DboSource->__construct(Array)
#2 /home/luccas19/themusicjambox.com/lib/Cake/Model/Model.php(3524): ConnectionManager::getDataSource('default')
#3 /home/luccas19/themusicjambox.com/lib/Cake/Model/Model.php(1136): Model->setDataSource('default')
#4 /home/luccas19/themusicjambox.com/lib/Cake/Model/Model.php(3551): Model->setSource('subcategorias')
#5 /home/luccas19/themusicjambox.com/lib/Cake/Model/Model.php(2947): Model->getDataSource()
#6 /home/luccas19/themusicjambox.com/lib/Cake/Model/Model.php(2919): Model->_readDataSource('all', Array)
#7 /home/luccas19/themusicjambox.com/app/Controller/AerialAudioRecordingsController.php(46): Model->find('all')
#8 /home/luccas19/themusicjambox.com/app/Controller/AerialAudioRecordingsController.php(9): AerialAudioRecordingsController->cargarComboCategorias()
#9 [internal function]: AerialAudioRecordingsController->index()
#10 /home/luccas19/themusicjambox.com/lib/Cake/Controller/Controller.php(490): ReflectionMethod->invokeArgs(Object(AerialAudioRecordingsController), Array)
#11 /home/luccas19/themusicjambox.com/lib/Cake/Routing/Dispatcher.php(191): Controller->invokeAction(Object(CakeRequest))
#12 /home/luccas19/themusicjambox.com/lib/Cake/Routing/Dispatcher.php(165): Dispatcher->_invoke(Object(AerialAudioRecordingsController), Object(CakeRequest))
#13 /home/luccas19/themusicjambox.com/app/webroot/index.php(108): Dispatcher->dispatch(Object(CakeRequest), Object(CakeResponse))
#14 {main}
2014-11-27 07:22:55 Error: [MissingConnectionException] Database connection "Mysql" is missing, or could not be created.
Exception Attributes: array (
  'class' => 'Mysql',
  'message' => 'SQLSTATE[HY000] [2002] Connection timed out',
  'enabled' => true,
)
Request URL: /Archive
Stack Trace:
#0 /home/luccas19/themusicjambox.com/lib/Cake/Model/Datasource/DboSource.php(260): Mysql->connect()
#1 /home/luccas19/themusicjambox.com/lib/Cake/Model/ConnectionManager.php(105): DboSource->__construct(Array)
#2 /home/luccas19/themusicjambox.com/lib/Cake/Model/Model.php(3524): ConnectionManager::getDataSource('default')
#3 /home/luccas19/themusicjambox.com/lib/Cake/Model/Model.php(1136): Model->setDataSource('default')
#4 /home/luccas19/themusicjambox.com/lib/Cake/Model/Model.php(3551): Model->setSource('archives')
#5 /home/luccas19/themusicjambox.com/lib/Cake/Model/Model.php(2947): Model->getDataSource()
#6 /home/luccas19/themusicjambox.com/lib/Cake/Model/Model.php(2919): Model->_readDataSource('all', Array)
#7 /home/luccas19/themusicjambox.com/app/Controller/ArchiveController.php(10): Model->find('all', Array)
#8 [internal function]: ArchiveController->index()
#9 /home/luccas19/themusicjambox.com/lib/Cake/Controller/Controller.php(490): ReflectionMethod->invokeArgs(Object(ArchiveController), Array)
#10 /home/luccas19/themusicjambox.com/lib/Cake/Routing/Dispatcher.php(191): Controller->invokeAction(Object(CakeRequest))
#11 /home/luccas19/themusicjambox.com/lib/Cake/Routing/Dispatcher.php(165): Dispatcher->_invoke(Object(ArchiveController), Object(CakeRequest))
#12 /home/luccas19/themusicjambox.com/app/webroot/index.php(108): Dispatcher->dispatch(Object(CakeRequest), Object(CakeResponse))
#13 {main}
2014-11-27 07:23:30 Error: [MissingConnectionException] Database connection "Mysql" is missing, or could not be created.
Exception Attributes: array (
  'class' => 'Mysql',
  'message' => 'SQLSTATE[HY000] [2002] Connection timed out',
  'enabled' => true,
)
Request URL: /Archive
Stack Trace:
#0 /home/luccas19/themusicjambox.com/lib/Cake/Model/Datasource/DboSource.php(260): Mysql->connect()
#1 /home/luccas19/themusicjambox.com/lib/Cake/Model/ConnectionManager.php(105): DboSource->__construct(Array)
#2 /home/luccas19/themusicjambox.com/lib/Cake/Model/Model.php(3524): ConnectionManager::getDataSource('default')
#3 /home/luccas19/themusicjambox.com/lib/Cake/Model/Model.php(1136): Model->setDataSource('default')
#4 /home/luccas19/themusicjambox.com/lib/Cake/Model/Model.php(3551): Model->setSource('archives')
#5 /home/luccas19/themusicjambox.com/lib/Cake/Model/Model.php(2947): Model->getDataSource()
#6 /home/luccas19/themusicjambox.com/lib/Cake/Model/Model.php(2919): Model->_readDataSource('all', Array)
#7 /home/luccas19/themusicjambox.com/app/Controller/ArchiveController.php(10): Model->find('all', Array)
#8 [internal function]: ArchiveController->index()
#9 /home/luccas19/themusicjambox.com/lib/Cake/Controller/Controller.php(490): ReflectionMethod->invokeArgs(Object(ArchiveController), Array)
#10 /home/luccas19/themusicjambox.com/lib/Cake/Routing/Dispatcher.php(191): Controller->invokeAction(Object(CakeRequest))
#11 /home/luccas19/themusicjambox.com/lib/Cake/Routing/Dispatcher.php(165): Dispatcher->_invoke(Object(ArchiveController), Object(CakeRequest))
#12 /home/luccas19/themusicjambox.com/app/webroot/index.php(108): Dispatcher->dispatch(Object(CakeRequest), Object(CakeResponse))
#13 {main}
2014-11-27 07:23:36 Error: [MissingConnectionException] Database connection "Mysql" is missing, or could not be created.
Exception Attributes: array (
  'class' => 'Mysql',
  'message' => 'SQLSTATE[HY000] [2002] Connection timed out',
  'enabled' => true,
)
Request URL: /Archive
Stack Trace:
#0 /home/luccas19/themusicjambox.com/lib/Cake/Model/Datasource/DboSource.php(260): Mysql->connect()
#1 /home/luccas19/themusicjambox.com/lib/Cake/Model/ConnectionManager.php(105): DboSource->__construct(Array)
#2 /home/luccas19/themusicjambox.com/lib/Cake/Model/Model.php(3524): ConnectionManager::getDataSource('default')
#3 /home/luccas19/themusicjambox.com/lib/Cake/Model/Model.php(1136): Model->setDataSource('default')
#4 /home/luccas19/themusicjambox.com/lib/Cake/Model/Model.php(3551): Model->setSource('archives')
#5 /home/luccas19/themusicjambox.com/lib/Cake/Model/Model.php(2947): Model->getDataSource()
#6 /home/luccas19/themusicjambox.com/lib/Cake/Model/Model.php(2919): Model->_readDataSource('all', Array)
#7 /home/luccas19/themusicjambox.com/app/Controller/ArchiveController.php(10): Model->find('all', Array)
#8 [internal function]: ArchiveController->index()
#9 /home/luccas19/themusicjambox.com/lib/Cake/Controller/Controller.php(490): ReflectionMethod->invokeArgs(Object(ArchiveController), Array)
#10 /home/luccas19/themusicjambox.com/lib/Cake/Routing/Dispatcher.php(191): Controller->invokeAction(Object(CakeRequest))
#11 /home/luccas19/themusicjambox.com/lib/Cake/Routing/Dispatcher.php(165): Dispatcher->_invoke(Object(ArchiveController), Object(CakeRequest))
#12 /home/luccas19/themusicjambox.com/app/webroot/index.php(108): Dispatcher->dispatch(Object(CakeRequest), Object(CakeResponse))
#13 {main}
2014-11-27 07:24:44 Error: [MissingConnectionException] Database connection "Mysql" is missing, or could not be created.
Exception Attributes: array (
  'class' => 'Mysql',
  'message' => 'SQLSTATE[HY000] [2002] Connection timed out',
  'enabled' => true,
)
Request URL: /Library
Stack Trace:
#0 /home/luccas19/themusicjambox.com/lib/Cake/Model/Datasource/DboSource.php(260): Mysql->connect()
#1 /home/luccas19/themusicjambox.com/lib/Cake/Model/ConnectionManager.php(105): DboSource->__construct(Array)
#2 /home/luccas19/themusicjambox.com/lib/Cake/Model/Model.php(3524): ConnectionManager::getDataSource('default')
#3 /home/luccas19/themusicjambox.com/lib/Cake/Model/Model.php(1136): Model->setDataSource('default')
#4 /home/luccas19/themusicjambox.com/lib/Cake/Model/Model.php(3551): Model->setSource('documents')
#5 /home/luccas19/themusicjambox.com/lib/Cake/Model/Model.php(2947): Model->getDataSource()
#6 /home/luccas19/themusicjambox.com/lib/Cake/Model/Model.php(2919): Model->_readDataSource('all', Array)
#7 /home/luccas19/themusicjambox.com/app/Controller/LibraryController.php(26): Model->find('all', Array)
#8 [internal function]: LibraryController->index()
#9 /home/luccas19/themusicjambox.com/lib/Cake/Controller/Controller.php(490): ReflectionMethod->invokeArgs(Object(LibraryController), Array)
#10 /home/luccas19/themusicjambox.com/lib/Cake/Routing/Dispatcher.php(191): Controller->invokeAction(Object(CakeRequest))
#11 /home/luccas19/themusicjambox.com/lib/Cake/Routing/Dispatcher.php(165): Dispatcher->_invoke(Object(LibraryController), Object(CakeRequest))
#12 /home/luccas19/themusicjambox.com/app/webroot/index.php(108): Dispatcher->dispatch(Object(CakeRequest), Object(CakeResponse))
#13 {main}
2014-11-27 07:24:49 Error: [MissingConnectionException] Database connection "Mysql" is missing, or could not be created.
Exception Attributes: array (
  'class' => 'Mysql',
  'message' => 'SQLSTATE[HY000] [2002] Connection timed out',
  'enabled' => true,
)
Request URL: /Library
Stack Trace:
#0 /home/luccas19/themusicjambox.com/lib/Cake/Model/Datasource/DboSource.php(260): Mysql->connect()
#1 /home/luccas19/themusicjambox.com/lib/Cake/Model/ConnectionManager.php(105): DboSource->__construct(Array)
#2 /home/luccas19/themusicjambox.com/lib/Cake/Model/Model.php(3524): ConnectionManager::getDataSource('default')
#3 /home/luccas19/themusicjambox.com/lib/Cake/Model/Model.php(1136): Model->setDataSource('default')
#4 /home/luccas19/themusicjambox.com/lib/Cake/Model/Model.php(3551): Model->setSource('documents')
#5 /home/luccas19/themusicjambox.com/lib/Cake/Model/Model.php(2947): Model->getDataSource()
#6 /home/luccas19/themusicjambox.com/lib/Cake/Model/Model.php(2919): Model->_readDataSource('all', Array)
#7 /home/luccas19/themusicjambox.com/app/Controller/LibraryController.php(26): Model->find('all', Array)
#8 [internal function]: LibraryController->index()
#9 /home/luccas19/themusicjambox.com/lib/Cake/Controller/Controller.php(490): ReflectionMethod->invokeArgs(Object(LibraryController), Array)
#10 /home/luccas19/themusicjambox.com/lib/Cake/Routing/Dispatcher.php(191): Controller->invokeAction(Object(CakeRequest))
#11 /home/luccas19/themusicjambox.com/lib/Cake/Routing/Dispatcher.php(165): Dispatcher->_invoke(Object(LibraryController), Object(CakeRequest))
#12 /home/luccas19/themusicjambox.com/app/webroot/index.php(108): Dispatcher->dispatch(Object(CakeRequest), Object(CakeResponse))
#13 {main}
2014-11-27 07:26:36 Error: [MissingConnectionException] Database connection "Mysql" is missing, or could not be created.
Exception Attributes: array (
  'class' => 'Mysql',
  'message' => 'SQLSTATE[HY000] [2002] Connection timed out',
  'enabled' => true,
)
Request URL: /Archive
Stack Trace:
#0 /home/luccas19/themusicjambox.com/lib/Cake/Model/Datasource/DboSource.php(260): Mysql->connect()
#1 /home/luccas19/themusicjambox.com/lib/Cake/Model/ConnectionManager.php(105): DboSource->__construct(Array)
#2 /home/luccas19/themusicjambox.com/lib/Cake/Model/Model.php(3524): ConnectionManager::getDataSource('default')
#3 /home/luccas19/themusicjambox.com/lib/Cake/Model/Model.php(1136): Model->setDataSource('default')
#4 /home/luccas19/themusicjambox.com/lib/Cake/Model/Model.php(3551): Model->setSource('archives')
#5 /home/luccas19/themusicjambox.com/lib/Cake/Model/Model.php(2947): Model->getDataSource()
#6 /home/luccas19/themusicjambox.com/lib/Cake/Model/Model.php(2919): Model->_readDataSource('all', Array)
#7 /home/luccas19/themusicjambox.com/app/Controller/ArchiveController.php(10): Model->find('all', Array)
#8 [internal function]: ArchiveController->index()
#9 /home/luccas19/themusicjambox.com/lib/Cake/Controller/Controller.php(490): ReflectionMethod->invokeArgs(Object(ArchiveController), Array)
#10 /home/luccas19/themusicjambox.com/lib/Cake/Routing/Dispatcher.php(191): Controller->invokeAction(Object(CakeRequest))
#11 /home/luccas19/themusicjambox.com/lib/Cake/Routing/Dispatcher.php(165): Dispatcher->_invoke(Object(ArchiveController), Object(CakeRequest))
#12 /home/luccas19/themusicjambox.com/app/webroot/index.php(108): Dispatcher->dispatch(Object(CakeRequest), Object(CakeResponse))
#13 {main}
2014-11-27 07:27:21 Error: [MissingConnectionException] Database connection "Mysql" is missing, or could not be created.
Exception Attributes: array (
  'class' => 'Mysql',
  'message' => 'SQLSTATE[HY000] [2002] Connection timed out',
  'enabled' => true,
)
Request URL: /AerialAudioRecordings
Stack Trace:
#0 /home/luccas19/themusicjambox.com/lib/Cake/Model/Datasource/DboSource.php(260): Mysql->connect()
#1 /home/luccas19/themusicjambox.com/lib/Cake/Model/ConnectionManager.php(105): DboSource->__construct(Array)
#2 /home/luccas19/themusicjambox.com/lib/Cake/Model/Model.php(3524): ConnectionManager::getDataSource('default')
#3 /home/luccas19/themusicjambox.com/lib/Cake/Model/Model.php(1136): Model->setDataSource('default')
#4 /home/luccas19/themusicjambox.com/lib/Cake/Model/Model.php(3551): Model->setSource('subcategorias')
#5 /home/luccas19/themusicjambox.com/lib/Cake/Model/Model.php(2947): Model->getDataSource()
#6 /home/luccas19/themusicjambox.com/lib/Cake/Model/Model.php(2919): Model->_readDataSource('all', Array)
#7 /home/luccas19/themusicjambox.com/app/Controller/AerialAudioRecordingsController.php(46): Model->find('all')
#8 /home/luccas19/themusicjambox.com/app/Controller/AerialAudioRecordingsController.php(9): AerialAudioRecordingsController->cargarComboCategorias()
#9 [internal function]: AerialAudioRecordingsController->index()
#10 /home/luccas19/themusicjambox.com/lib/Cake/Controller/Controller.php(490): ReflectionMethod->invokeArgs(Object(AerialAudioRecordingsController), Array)
#11 /home/luccas19/themusicjambox.com/lib/Cake/Routing/Dispatcher.php(191): Controller->invokeAction(Object(CakeRequest))
#12 /home/luccas19/themusicjambox.com/lib/Cake/Routing/Dispatcher.php(165): Dispatcher->_invoke(Object(AerialAudioRecordingsController), Object(CakeRequest))
#13 /home/luccas19/themusicjambox.com/app/webroot/index.php(108): Dispatcher->dispatch(Object(CakeRequest), Object(CakeResponse))
#14 {main}
2014-11-27 07:28:12 Error: [MissingConnectionException] Database connection "Mysql" is missing, or could not be created.
Exception Attributes: array (
  'class' => 'Mysql',
  'message' => 'SQLSTATE[HY000] [2002] Connection timed out',
  'enabled' => true,
)
Request URL: /Archive
Stack Trace:
#0 /home/luccas19/themusicjambox.com/lib/Cake/Model/Datasource/DboSource.php(260): Mysql->connect()
#1 /home/luccas19/themusicjambox.com/lib/Cake/Model/ConnectionManager.php(105): DboSource->__construct(Array)
#2 /home/luccas19/themusicjambox.com/lib/Cake/Model/Model.php(3524): ConnectionManager::getDataSource('default')
#3 /home/luccas19/themusicjambox.com/lib/Cake/Model/Model.php(1136): Model->setDataSource('default')
#4 /home/luccas19/themusicjambox.com/lib/Cake/Model/Model.php(3551): Model->setSource('archives')
#5 /home/luccas19/themusicjambox.com/lib/Cake/Model/Model.php(2947): Model->getDataSource()
#6 /home/luccas19/themusicjambox.com/lib/Cake/Model/Model.php(2919): Model->_readDataSource('all', Array)
#7 /home/luccas19/themusicjambox.com/app/Controller/ArchiveController.php(10): Model->find('all', Array)
#8 [internal function]: ArchiveController->index()
#9 /home/luccas19/themusicjambox.com/lib/Cake/Controller/Controller.php(490): ReflectionMethod->invokeArgs(Object(ArchiveController), Array)
#10 /home/luccas19/themusicjambox.com/lib/Cake/Routing/Dispatcher.php(191): Controller->invokeAction(Object(CakeRequest))
#11 /home/luccas19/themusicjambox.com/lib/Cake/Routing/Dispatcher.php(165): Dispatcher->_invoke(Object(ArchiveController), Object(CakeRequest))
#12 /home/luccas19/themusicjambox.com/app/webroot/index.php(108): Dispatcher->dispatch(Object(CakeRequest), Object(CakeResponse))
#13 {main}
2014-11-27 08:03:07 Error: [MissingControllerException] Controller class Wp-login.phpController could not be found.
Exception Attributes: array (
  'class' => 'Wp-login.phpController',
  'plugin' => NULL,
)
Request URL: /wp-login.php
Stack Trace:
#0 /home/luccas19/themusicjambox.com/app/webroot/index.php(108): Dispatcher->dispatch(Object(CakeRequest), Object(CakeResponse))
#1 {main}
2014-11-27 08:03:07 Error: [MissingControllerException] Controller class AdministratorController could not be found.
Exception Attributes: array (
  'class' => 'AdministratorController',
  'plugin' => NULL,
)
Request URL: /administrator/index.php
Stack Trace:
#0 /home/luccas19/themusicjambox.com/app/webroot/index.php(108): Dispatcher->dispatch(Object(CakeRequest), Object(CakeResponse))
#1 {main}
2014-11-27 10:39:28 Error: [MissingControllerException] Controller class Robots.txtController could not be found.
Exception Attributes: array (
  'class' => 'Robots.txtController',
  'plugin' => NULL,
)
Request URL: /robots.txt
Stack Trace:
#0 /home/luccas19/themusicjambox.com/app/webroot/index.php(108): Dispatcher->dispatch(Object(CakeRequest), Object(CakeResponse))
#1 {main}
2014-11-27 12:00:47 Error: [MissingControllerException] Controller class Wp-login.phpController could not be found.
Exception Attributes: array (
  'class' => 'Wp-login.phpController',
  'plugin' => NULL,
)
Request URL: /wp-login.php
Stack Trace:
#0 /home/luccas19/themusicjambox.com/app/webroot/index.php(108): Dispatcher->dispatch(Object(CakeRequest), Object(CakeResponse))
#1 {main}
2014-11-27 12:00:47 Error: [MissingControllerException] Controller class AdministratorController could not be found.
Exception Attributes: array (
  'class' => 'AdministratorController',
  'plugin' => NULL,
)
Request URL: /administrator/index.php
Stack Trace:
#0 /home/luccas19/themusicjambox.com/app/webroot/index.php(108): Dispatcher->dispatch(Object(CakeRequest), Object(CakeResponse))
#1 {main}
2014-11-27 12:00:48 Error: [MissingControllerException] Controller class UserController could not be found.
Exception Attributes: array (
  'class' => 'UserController',
  'plugin' => NULL,
)
Request URL: /user/
Stack Trace:
#0 /home/luccas19/themusicjambox.com/app/webroot/index.php(108): Dispatcher->dispatch(Object(CakeRequest), Object(CakeResponse))
#1 {main}
2014-11-27 12:00:48 Error: [MissingControllerException] Controller class Admin.phpController could not be found.
Exception Attributes: array (
  'class' => 'Admin.phpController',
  'plugin' => NULL,
)
Request URL: /admin.php
Stack Trace:
#0 /home/luccas19/themusicjambox.com/app/webroot/index.php(108): Dispatcher->dispatch(Object(CakeRequest), Object(CakeResponse))
#1 {main}
2014-11-27 12:00:48 Error: [MissingControllerException] Controller class ManagerController could not be found.
Exception Attributes: array (
  'class' => 'ManagerController',
  'plugin' => NULL,
)
Request URL: /manager/
Stack Trace:
#0 /home/luccas19/themusicjambox.com/app/webroot/index.php(108): Dispatcher->dispatch(Object(CakeRequest), Object(CakeResponse))
#1 {main}
2014-11-27 12:00:49 Error: [MissingControllerException] Controller class AdminController could not be found.
Exception Attributes: array (
  'class' => 'AdminController',
  'plugin' => NULL,
)
Request URL: /admin/
Stack Trace:
#0 /home/luccas19/themusicjambox.com/app/webroot/index.php(108): Dispatcher->dispatch(Object(CakeRequest), Object(CakeResponse))
#1 {main}
2014-11-27 14:05:17 Error: [MissingControllerException] Controller class Robots.txtController could not be found.
Exception Attributes: array (
  'class' => 'Robots.txtController',
  'plugin' => NULL,
)
Request URL: /robots.txt
Stack Trace:
#0 /home/luccas19/themusicjambox.com/app/webroot/index.php(108): Dispatcher->dispatch(Object(CakeRequest), Object(CakeResponse))
#1 {main}
2014-11-27 15:54:57 Error: [MissingControllerException] Controller class Wp-login.phpController could not be found.
Exception Attributes: array (
  'class' => 'Wp-login.phpController',
  'plugin' => NULL,
)
Request URL: /wp-login.php
Stack Trace:
#0 /home/luccas19/themusicjambox.com/app/webroot/index.php(108): Dispatcher->dispatch(Object(CakeRequest), Object(CakeResponse))
#1 {main}
2014-11-27 15:54:57 Error: [MissingControllerException] Controller class AdministratorController could not be found.
Exception Attributes: array (
  'class' => 'AdministratorController',
  'plugin' => NULL,
)
Request URL: /administrator/index.php
Stack Trace:
#0 /home/luccas19/themusicjambox.com/app/webroot/index.php(108): Dispatcher->dispatch(Object(CakeRequest), Object(CakeResponse))
#1 {main}
2014-11-27 15:54:58 Error: [MissingControllerException] Controller class UserController could not be found.
Exception Attributes: array (
  'class' => 'UserController',
  'plugin' => NULL,
)
Request URL: /user/
Stack Trace:
#0 /home/luccas19/themusicjambox.com/app/webroot/index.php(108): Dispatcher->dispatch(Object(CakeRequest), Object(CakeResponse))
#1 {main}
2014-11-27 15:54:58 Error: [MissingControllerException] Controller class Admin.phpController could not be found.
Exception Attributes: array (
  'class' => 'Admin.phpController',
  'plugin' => NULL,
)
Request URL: /admin.php
Stack Trace:
#0 /home/luccas19/themusicjambox.com/app/webroot/index.php(108): Dispatcher->dispatch(Object(CakeRequest), Object(CakeResponse))
#1 {main}
2014-11-27 15:54:58 Error: [MissingControllerException] Controller class ManagerController could not be found.
Exception Attributes: array (
  'class' => 'ManagerController',
  'plugin' => NULL,
)
Request URL: /manager/
Stack Trace:
#0 /home/luccas19/themusicjambox.com/app/webroot/index.php(108): Dispatcher->dispatch(Object(CakeRequest), Object(CakeResponse))
#1 {main}
2014-11-27 15:54:59 Error: [MissingControllerException] Controller class AdminController could not be found.
Exception Attributes: array (
  'class' => 'AdminController',
  'plugin' => NULL,
)
Request URL: /admin/
Stack Trace:
#0 /home/luccas19/themusicjambox.com/app/webroot/index.php(108): Dispatcher->dispatch(Object(CakeRequest), Object(CakeResponse))
#1 {main}
2014-11-28 03:16:23 Error: [MissingControllerException] Controller class Robots.txtController could not be found.
Exception Attributes: array (
  'class' => 'Robots.txtController',
  'plugin' => NULL,
)
Request URL: /robots.txt
Stack Trace:
#0 /home/luccas19/themusicjambox.com/app/webroot/index.php(108): Dispatcher->dispatch(Object(CakeRequest), Object(CakeResponse))
#1 {main}
2014-11-28 04:09:23 Error: [MissingControllerException] Controller class Robots.txtController could not be found.
Exception Attributes: array (
  'class' => 'Robots.txtController',
  'plugin' => NULL,
)
Request URL: /robots.txt
Stack Trace:
#0 /home/luccas19/themusicjambox.com/app/webroot/index.php(108): Dispatcher->dispatch(Object(CakeRequest), Object(CakeResponse))
#1 {main}
2014-11-28 05:22:35 Error: [MissingControllerException] Controller class Robots.txtController could not be found.
Exception Attributes: array (
  'class' => 'Robots.txtController',
  'plugin' => NULL,
)
Request URL: /robots.txt
Stack Trace:
#0 /home/luccas19/themusicjambox.com/app/webroot/index.php(108): Dispatcher->dispatch(Object(CakeRequest), Object(CakeResponse))
#1 {main}
2014-11-28 10:39:16 Error: [MissingControllerException] Controller class Robots.txtController could not be found.
Exception Attributes: array (
  'class' => 'Robots.txtController',
  'plugin' => NULL,
)
Request URL: /robots.txt
Stack Trace:
#0 /home/luccas19/themusicjambox.com/app/webroot/index.php(108): Dispatcher->dispatch(Object(CakeRequest), Object(CakeResponse))
#1 {main}
2014-11-28 10:46:54 Error: [MissingControllerException] Controller class .well-knownController could not be found.
Exception Attributes: array (
  'class' => '.well-knownController',
  'plugin' => NULL,
)
Request URL: /.well-known/autoconfig/mail/config-v1.1.xml?emailaddress=contact%40themusicjambox.com
Stack Trace:
#0 /home/luccas19/themusicjambox.com/app/webroot/index.php(108): Dispatcher->dispatch(Object(CakeRequest), Object(CakeResponse))
#1 {main}
2014-11-28 10:47:05 Error: [MissingControllerException] Controller class .well-knownController could not be found.
Exception Attributes: array (
  'class' => '.well-knownController',
  'plugin' => NULL,
)
Request URL: /.well-known/autoconfig/mail/config-v1.1.xml?emailaddress=contact%40themusicjambox.com
Stack Trace:
#0 /home/luccas19/themusicjambox.com/app/webroot/index.php(108): Dispatcher->dispatch(Object(CakeRequest), Object(CakeResponse))
#1 {main}
2014-11-28 14:43:41 Error: [MissingControllerException] Controller class Robots.txtController could not be found.
Exception Attributes: array (
  'class' => 'Robots.txtController',
  'plugin' => NULL,
)
Request URL: /robots.txt
Stack Trace:
#0 /home/luccas19/themusicjambox.com/app/webroot/index.php(108): Dispatcher->dispatch(Object(CakeRequest), Object(CakeResponse))
#1 {main}
2014-11-28 18:17:16 Error: [MissingControllerException] Controller class Robots.txtController could not be found.
Exception Attributes: array (
  'class' => 'Robots.txtController',
  'plugin' => NULL,
)
Request URL: /robots.txt
Stack Trace:
#0 /home/luccas19/themusicjambox.com/app/webroot/index.php(108): Dispatcher->dispatch(Object(CakeRequest), Object(CakeResponse))
#1 {main}
2014-11-28 23:30:08 Error: [MissingControllerException] Controller class Robots.txtController could not be found.
Exception Attributes: array (
  'class' => 'Robots.txtController',
  'plugin' => NULL,
)
Request URL: /robots.txt
Stack Trace:
#0 /home/luccas19/themusicjambox.com/app/webroot/index.php(108): Dispatcher->dispatch(Object(CakeRequest), Object(CakeResponse))
#1 {main}
2014-11-29 03:42:41 Error: [MissingControllerException] Controller class Robots.txtController could not be found.
Exception Attributes: array (
  'class' => 'Robots.txtController',
  'plugin' => NULL,
)
Request URL: /robots.txt
Stack Trace:
#0 /home/luccas19/themusicjambox.com/app/webroot/index.php(108): Dispatcher->dispatch(Object(CakeRequest), Object(CakeResponse))
#1 {main}
2014-11-29 06:32:29 Error: [MissingControllerException] Controller class Robots.txtController could not be found.
Exception Attributes: array (
  'class' => 'Robots.txtController',
  'plugin' => NULL,
)
Request URL: /robots.txt
Stack Trace:
#0 /home/luccas19/themusicjambox.com/app/webroot/index.php(108): Dispatcher->dispatch(Object(CakeRequest), Object(CakeResponse))
#1 {main}
2014-11-30 09:01:29 Error: [MissingControllerException] Controller class Robots.txtController could not be found.
Exception Attributes: array (
  'class' => 'Robots.txtController',
  'plugin' => NULL,
)
Request URL: /robots.txt
Stack Trace:
#0 /home/luccas19/themusicjambox.com/app/webroot/index.php(108): Dispatcher->dispatch(Object(CakeRequest), Object(CakeResponse))
#1 {main}
2014-11-30 15:39:58 Error: [MissingControllerException] Controller class Robots.txtController could not be found.
Exception Attributes: array (
  'class' => 'Robots.txtController',
  'plugin' => NULL,
)
Request URL: /robots.txt
Stack Trace:
#0 /home/luccas19/themusicjambox.com/app/webroot/index.php(108): Dispatcher->dispatch(Object(CakeRequest), Object(CakeResponse))
#1 {main}
2014-12-01 09:55:37 Error: [MissingControllerException] Controller class Robots.txtController could not be found.
Exception Attributes: array (
  'class' => 'Robots.txtController',
  'plugin' => NULL,
)
Request URL: /robots.txt
Stack Trace:
#0 /home/luccas19/themusicjambox.com/app/webroot/index.php(108): Dispatcher->dispatch(Object(CakeRequest), Object(CakeResponse))
#1 {main}
2014-12-01 13:05:50 Error: [MissingControllerException] Controller class Wp-login.phpController could not be found.
Exception Attributes: array (
  'class' => 'Wp-login.phpController',
  'plugin' => NULL,
)
Request URL: /wp-login.php
Stack Trace:
#0 /home/luccas19/themusicjambox.com/app/webroot/index.php(108): Dispatcher->dispatch(Object(CakeRequest), Object(CakeResponse))
#1 {main}
2014-12-01 13:28:28 Error: [MissingControllerException] Controller class Robots.txtController could not be found.
Exception Attributes: array (
  'class' => 'Robots.txtController',
  'plugin' => NULL,
)
Request URL: /robots.txt
Stack Trace:
#0 /home/luccas19/themusicjambox.com/app/webroot/index.php(108): Dispatcher->dispatch(Object(CakeRequest), Object(CakeResponse))
#1 {main}
2014-12-02 02:31:14 Error: [MissingControllerException] Controller class Robots.txtController could not be found.
Exception Attributes: array (
  'class' => 'Robots.txtController',
  'plugin' => NULL,
)
Request URL: /robots.txt
Stack Trace:
#0 /home/luccas19/themusicjambox.com/app/webroot/index.php(108): Dispatcher->dispatch(Object(CakeRequest), Object(CakeResponse))
#1 {main}
2014-12-02 16:13:30 Error: [MissingControllerException] Controller class Robots.txtController could not be found.
Exception Attributes: array (
  'class' => 'Robots.txtController',
  'plugin' => NULL,
)
Request URL: /robots.txt
Stack Trace:
#0 /home/luccas19/themusicjambox.com/app/webroot/index.php(108): Dispatcher->dispatch(Object(CakeRequest), Object(CakeResponse))
#1 {main}
2014-12-02 16:24:58 Error: [MissingControllerException] Controller class Robots.txtController could not be found.
Exception Attributes: array (
  'class' => 'Robots.txtController',
  'plugin' => NULL,
)
Request URL: /robots.txt
Stack Trace:
#0 /home/luccas19/themusicjambox.com/app/webroot/index.php(108): Dispatcher->dispatch(Object(CakeRequest), Object(CakeResponse))
#1 {main}
2014-12-02 20:04:04 Error: [MissingActionException] Action ImgController::loading18.gif() could not be found.
Exception Attributes: array (
  'controller' => 'ImgController',
  'action' => 'loading18.gif',
)
Request URL: /img/loading18.gif
Stack Trace:
#0 /home/luccas19/themusicjambox.com/lib/Cake/Routing/Dispatcher.php(191): Controller->invokeAction(Object(CakeRequest))
#1 /home/luccas19/themusicjambox.com/lib/Cake/Routing/Dispatcher.php(165): Dispatcher->_invoke(Object(ImgController), Object(CakeRequest))
#2 /home/luccas19/themusicjambox.com/app/webroot/index.php(108): Dispatcher->dispatch(Object(CakeRequest), Object(CakeResponse))
#3 {main}
2014-12-03 10:27:08 Error: [MissingControllerException] Controller class Robots.txtController could not be found.
Exception Attributes: array (
  'class' => 'Robots.txtController',
  'plugin' => NULL,
)
Request URL: /robots.txt
Stack Trace:
#0 /home/luccas19/themusicjambox.com/app/webroot/index.php(108): Dispatcher->dispatch(Object(CakeRequest), Object(CakeResponse))
#1 {main}
2014-12-03 11:50:54 Error: [MissingControllerException] Controller class Robots.txtController could not be found.
Exception Attributes: array (
  'class' => 'Robots.txtController',
  'plugin' => NULL,
)
Request URL: /robots.txt
Stack Trace:
#0 /home/luccas19/themusicjambox.com/app/webroot/index.php(108): Dispatcher->dispatch(Object(CakeRequest), Object(CakeResponse))
#1 {main}
2014-12-03 22:51:44 Error: [MissingControllerException] Controller class Robots.txtController could not be found.
Exception Attributes: array (
  'class' => 'Robots.txtController',
  'plugin' => NULL,
)
Request URL: /robots.txt
Stack Trace:
#0 /home/luccas19/themusicjambox.com/app/webroot/index.php(108): Dispatcher->dispatch(Object(CakeRequest), Object(CakeResponse))
#1 {main}
2014-12-04 06:29:43 Error: [MissingControllerException] Controller class Robots.txtController could not be found.
Exception Attributes: array (
  'class' => 'Robots.txtController',
  'plugin' => NULL,
)
Request URL: /robots.txt
Stack Trace:
#0 /home/luccas19/themusicjambox.com/app/webroot/index.php(108): Dispatcher->dispatch(Object(CakeRequest), Object(CakeResponse))
#1 {main}
2014-12-04 07:39:07 Error: [MissingControllerException] Controller class Robots.txtController could not be found.
Exception Attributes: array (
  'class' => 'Robots.txtController',
  'plugin' => NULL,
)
Request URL: /robots.txt
Stack Trace:
#0 /home/luccas19/themusicjambox.com/app/webroot/index.php(108): Dispatcher->dispatch(Object(CakeRequest), Object(CakeResponse))
#1 {main}
2014-12-04 07:39:08 Error: [MissingControllerException] Controller class Robots.txtController could not be found.
Exception Attributes: array (
  'class' => 'Robots.txtController',
  'plugin' => NULL,
)
Request URL: /robots.txt
Stack Trace:
#0 /home/luccas19/themusicjambox.com/app/webroot/index.php(108): Dispatcher->dispatch(Object(CakeRequest), Object(CakeResponse))
#1 {main}
2014-12-04 07:39:09 Error: [MissingControllerException] Controller class Robots.txtController could not be found.
Exception Attributes: array (
  'class' => 'Robots.txtController',
  'plugin' => NULL,
)
Request URL: /robots.txt
Stack Trace:
#0 /home/luccas19/themusicjambox.com/app/webroot/index.php(108): Dispatcher->dispatch(Object(CakeRequest), Object(CakeResponse))
#1 {main}
2014-12-04 07:42:48 Error: [MissingControllerException] Controller class Robots.txtController could not be found.
Exception Attributes: array (
  'class' => 'Robots.txtController',
  'plugin' => NULL,
)
Request URL: /robots.txt
Stack Trace:
#0 /home/luccas19/themusicjambox.com/app/webroot/index.php(108): Dispatcher->dispatch(Object(CakeRequest), Object(CakeResponse))
#1 {main}
2014-12-04 07:42:49 Error: [MissingControllerException] Controller class Robots.txtController could not be found.
Exception Attributes: array (
  'class' => 'Robots.txtController',
  'plugin' => NULL,
)
Request URL: /robots.txt
Stack Trace:
#0 /home/luccas19/themusicjambox.com/app/webroot/index.php(108): Dispatcher->dispatch(Object(CakeRequest), Object(CakeResponse))
#1 {main}
2014-12-04 12:03:50 Error: [MissingControllerException] Controller class Robots.txtController could not be found.
Exception Attributes: array (
  'class' => 'Robots.txtController',
  'plugin' => NULL,
)
Request URL: /robots.txt
Stack Trace:
#0 /home/luccas19/themusicjambox.com/app/webroot/index.php(108): Dispatcher->dispatch(Object(CakeRequest), Object(CakeResponse))
#1 {main}
2014-12-04 22:57:43 Error: [MissingControllerException] Controller class Robots.txtController could not be found.
Exception Attributes: array (
  'class' => 'Robots.txtController',
  'plugin' => NULL,
)
Request URL: /robots.txt
Stack Trace:
#0 /home/luccas19/themusicjambox.com/app/webroot/index.php(108): Dispatcher->dispatch(Object(CakeRequest), Object(CakeResponse))
#1 {main}
2014-12-05 00:04:05 Error: [MissingControllerException] Controller class Robots.txtController could not be found.
Exception Attributes: array (
  'class' => 'Robots.txtController',
  'plugin' => NULL,
)
Request URL: /robots.txt
Stack Trace:
#0 /home/luccas19/themusicjambox.com/app/webroot/index.php(108): Dispatcher->dispatch(Object(CakeRequest), Object(CakeResponse))
#1 {main}
2014-12-05 16:09:49 Error: [MissingControllerException] Controller class Robots.txtController could not be found.
Exception Attributes: array (
  'class' => 'Robots.txtController',
  'plugin' => NULL,
)
Request URL: /robots.txt
Stack Trace:
#0 /home/luccas19/themusicjambox.com/app/webroot/index.php(108): Dispatcher->dispatch(Object(CakeRequest), Object(CakeResponse))
#1 {main}
2014-12-05 23:11:17 Error: [MissingControllerException] Controller class Robots.txtController could not be found.
Exception Attributes: array (
  'class' => 'Robots.txtController',
  'plugin' => NULL,
)
Request URL: /robots.txt
Stack Trace:
#0 /home/luccas19/themusicjambox.com/app/webroot/index.php(108): Dispatcher->dispatch(Object(CakeRequest), Object(CakeResponse))
#1 {main}
2014-12-06 12:02:51 Error: [MissingControllerException] Controller class Robots.txtController could not be found.
Exception Attributes: array (
  'class' => 'Robots.txtController',
  'plugin' => NULL,
)
Request URL: /robots.txt
Stack Trace:
#0 /home/luccas19/themusicjambox.com/app/webroot/index.php(108): Dispatcher->dispatch(Object(CakeRequest), Object(CakeResponse))
#1 {main}
2014-12-06 20:38:05 Error: [MissingControllerException] Controller class StatsController could not be found.
Exception Attributes: array (
  'class' => 'StatsController',
  'plugin' => NULL,
)
Request URL: /stats/
Stack Trace:
#0 /home/luccas19/themusicjambox.com/app/webroot/index.php(108): Dispatcher->dispatch(Object(CakeRequest), Object(CakeResponse))
#1 {main}
2014-12-06 20:38:06 Error: [MissingControllerException] Controller class StatsController could not be found.
Exception Attributes: array (
  'class' => 'StatsController',
  'plugin' => NULL,
)
Request URL: /stats/img/labels/themusicjambox.png
Stack Trace:
#0 /home/luccas19/themusicjambox.com/app/webroot/index.php(108): Dispatcher->dispatch(Object(CakeRequest), Object(CakeResponse))
#1 {main}
2014-12-06 20:45:10 Error: [MissingControllerException] Controller class StatsController could not be found.
Exception Attributes: array (
  'class' => 'StatsController',
  'plugin' => NULL,
)
Request URL: /stats/
Stack Trace:
#0 /home/luccas19/themusicjambox.com/app/webroot/index.php(108): Dispatcher->dispatch(Object(CakeRequest), Object(CakeResponse))
#1 {main}
2014-12-06 20:45:10 Error: [MissingControllerException] Controller class StatsController could not be found.
Exception Attributes: array (
  'class' => 'StatsController',
  'plugin' => NULL,
)
Request URL: /stats/img/labels/themusicjambox.png
Stack Trace:
#0 /home/luccas19/themusicjambox.com/app/webroot/index.php(108): Dispatcher->dispatch(Object(CakeRequest), Object(CakeResponse))
#1 {main}
2014-12-06 20:51:18 Error: [MissingActionException] Action ImgController::glyphicons-halflings.png() could not be found.
Exception Attributes: array (
  'controller' => 'ImgController',
  'action' => 'glyphicons-halflings.png',
)
Request URL: /img/glyphicons-halflings.png
Stack Trace:
#0 /home/luccas19/themusicjambox.com/lib/Cake/Routing/Dispatcher.php(191): Controller->invokeAction(Object(CakeRequest))
#1 /home/luccas19/themusicjambox.com/lib/Cake/Routing/Dispatcher.php(165): Dispatcher->_invoke(Object(ImgController), Object(CakeRequest))
#2 /home/luccas19/themusicjambox.com/app/webroot/index.php(108): Dispatcher->dispatch(Object(CakeRequest), Object(CakeResponse))
#3 {main}
2014-12-06 20:51:19 Error: [MissingActionException] Action ImgController::glyphicons-halflings-white.png() could not be found.
Exception Attributes: array (
  'controller' => 'ImgController',
  'action' => 'glyphicons-halflings-white.png',
)
Request URL: /img/glyphicons-halflings-white.png
Stack Trace:
#0 /home/luccas19/themusicjambox.com/lib/Cake/Routing/Dispatcher.php(191): Controller->invokeAction(Object(CakeRequest))
#1 /home/luccas19/themusicjambox.com/lib/Cake/Routing/Dispatcher.php(165): Dispatcher->_invoke(Object(ImgController), Object(CakeRequest))
#2 /home/luccas19/themusicjambox.com/app/webroot/index.php(108): Dispatcher->dispatch(Object(CakeRequest), Object(CakeResponse))
#3 {main}
2014-12-06 21:04:35 Error: [MissingActionException] Action ImgController::glyphicons-halflings.png() could not be found.
Exception Attributes: array (
  'controller' => 'ImgController',
  'action' => 'glyphicons-halflings.png',
)
Request URL: /img/glyphicons-halflings.png
Stack Trace:
#0 /home/luccas19/themusicjambox.com/lib/Cake/Routing/Dispatcher.php(191): Controller->invokeAction(Object(CakeRequest))
#1 /home/luccas19/themusicjambox.com/lib/Cake/Routing/Dispatcher.php(165): Dispatcher->_invoke(Object(ImgController), Object(CakeRequest))
#2 /home/luccas19/themusicjambox.com/app/webroot/index.php(108): Dispatcher->dispatch(Object(CakeRequest), Object(CakeResponse))
#3 {main}
2014-12-06 21:04:36 Error: [MissingActionException] Action ImgController::glyphicons-halflings-white.png() could not be found.
Exception Attributes: array (
  'controller' => 'ImgController',
  'action' => 'glyphicons-halflings-white.png',
)
Request URL: /img/glyphicons-halflings-white.png
Stack Trace:
#0 /home/luccas19/themusicjambox.com/lib/Cake/Routing/Dispatcher.php(191): Controller->invokeAction(Object(CakeRequest))
#1 /home/luccas19/themusicjambox.com/lib/Cake/Routing/Dispatcher.php(165): Dispatcher->_invoke(Object(ImgController), Object(CakeRequest))
#2 /home/luccas19/themusicjambox.com/app/webroot/index.php(108): Dispatcher->dispatch(Object(CakeRequest), Object(CakeResponse))
#3 {main}
2014-12-06 21:11:27 Error: [MissingActionException] Action ImgController::glyphicons-halflings.png() could not be found.
Exception Attributes: array (
  'controller' => 'ImgController',
  'action' => 'glyphicons-halflings.png',
)
Request URL: /img/glyphicons-halflings.png
Stack Trace:
#0 /home/luccas19/themusicjambox.com/lib/Cake/Routing/Dispatcher.php(191): Controller->invokeAction(Object(CakeRequest))
#1 /home/luccas19/themusicjambox.com/lib/Cake/Routing/Dispatcher.php(165): Dispatcher->_invoke(Object(ImgController), Object(CakeRequest))
#2 /home/luccas19/themusicjambox.com/app/webroot/index.php(108): Dispatcher->dispatch(Object(CakeRequest), Object(CakeResponse))
#3 {main}
2014-12-06 21:11:28 Error: [MissingActionException] Action ImgController::glyphicons-halflings-white.png() could not be found.
Exception Attributes: array (
  'controller' => 'ImgController',
  'action' => 'glyphicons-halflings-white.png',
)
Request URL: /img/glyphicons-halflings-white.png
Stack Trace:
#0 /home/luccas19/themusicjambox.com/lib/Cake/Routing/Dispatcher.php(191): Controller->invokeAction(Object(CakeRequest))
#1 /home/luccas19/themusicjambox.com/lib/Cake/Routing/Dispatcher.php(165): Dispatcher->_invoke(Object(ImgController), Object(CakeRequest))
#2 /home/luccas19/themusicjambox.com/app/webroot/index.php(108): Dispatcher->dispatch(Object(CakeRequest), Object(CakeResponse))
#3 {main}
2014-12-06 21:16:44 Error: [MissingActionException] Action ImgController::glyphicons-halflings.png() could not be found.
Exception Attributes: array (
  'controller' => 'ImgController',
  'action' => 'glyphicons-halflings.png',
)
Request URL: /img/glyphicons-halflings.png
Stack Trace:
#0 /home/luccas19/themusicjambox.com/lib/Cake/Routing/Dispatcher.php(191): Controller->invokeAction(Object(CakeRequest))
#1 /home/luccas19/themusicjambox.com/lib/Cake/Routing/Dispatcher.php(165): Dispatcher->_invoke(Object(ImgController), Object(CakeRequest))
#2 /home/luccas19/themusicjambox.com/app/webroot/index.php(108): Dispatcher->dispatch(Object(CakeRequest), Object(CakeResponse))
#3 {main}
2014-12-06 21:16:45 Error: [MissingActionException] Action ImgController::glyphicons-halflings-white.png() could not be found.
Exception Attributes: array (
  'controller' => 'ImgController',
  'action' => 'glyphicons-halflings-white.png',
)
Request URL: /img/glyphicons-halflings-white.png
Stack Trace:
#0 /home/luccas19/themusicjambox.com/lib/Cake/Routing/Dispatcher.php(191): Controller->invokeAction(Object(CakeRequest))
#1 /home/luccas19/themusicjambox.com/lib/Cake/Routing/Dispatcher.php(165): Dispatcher->_invoke(Object(ImgController), Object(CakeRequest))
#2 /home/luccas19/themusicjambox.com/app/webroot/index.php(108): Dispatcher->dispatch(Object(CakeRequest), Object(CakeResponse))
#3 {main}
